2025-07-11 21:56:57,628 - __main__ - INFO - === INICIANDO SCRIPT CADRIFAS_LITORAL_V4 ===
2025-07-11 21:56:57,629 - __main__ - INFO - MODO PRODUÇÃO ATIVADO - Sorteios serão criados!
2025-07-11 21:56:57,629 - __main__ - INFO - Configurações validadas com sucesso
2025-07-11 21:56:57,715 - __main__ - INFO - Total de edições pendentes ou com erro encontradas: 5
2025-07-11 21:56:57,715 - __main__ - INFO - Edição error: 6302 | Sigla: PPT | Data: 2025-07-12
2025-07-11 21:56:57,715 - __main__ - INFO - Edição error: 6303 | Sigla: PTM | Data: 2025-07-12
2025-07-11 21:56:57,715 - __main__ - INFO - Edição error: 6304 | Sigla: PT | Data: 2025-07-12
2025-07-11 21:56:57,716 - __main__ - INFO - Edição error: 6305 | Sigla: FEDERAL | Data: 2025-07-12
2025-07-11 21:56:57,716 - __main__ - INFO - Edição error: 6306 | Sigla: CORUJINHA | Data: 2025-07-12
2025-07-11 21:56:59,925 - __main__ - INFO - Login efetuado com sucesso!
2025-07-11 21:56:59,925 - __main__ - INFO - 
Processando edição 6306 para 'CORUJINHA'...
2025-07-11 21:56:59,925 - __main__ - INFO - Tentativa 1 de 3 para edição 6306
2025-07-11 21:56:59,925 - __main__ - INFO - Iniciando cadastro do sorteio 6306 para sigla 'CORUJINHA' (extracao: 'CORUJINHA_40')
2025-07-11 21:57:00,500 - __main__ - INFO - Pop-up fechado.
2025-07-11 21:57:03,409 - __main__ - INFO - Imagem carregada: D:\Documentos\Workspace\Gerenciamento\uploads\CORUJINHA_40.jpg
2025-07-11 21:57:05,794 - __main__ - INFO - === PREENCHENDO ABA PAGAMENTO ===
2025-07-11 21:57:05,855 - __main__ - INFO - Selecionando Info Pago...
2025-07-11 21:57:05,915 - __main__ - INFO - Dados de pagamento carregados:
2025-07-11 21:57:05,915 - __main__ - INFO -   Client ID: DEFINIDO (20 chars)
2025-07-11 21:57:05,915 - __main__ - INFO -   Client Secret: DEFINIDO (32 chars)
2025-07-11 21:57:05,915 - __main__ - INFO -   Chave PIX: DEFINIDO (36 chars)
2025-07-11 21:57:05,915 - __main__ - INFO - Preenchendo Client ID: 11151160128039923883
2025-07-11 21:57:06,059 - __main__ - INFO - Preenchendo Client Secret: jZlYzM0NDMtMGMzZC00NzkyLWI1N2ItN
2025-07-11 21:57:06,253 - __main__ - INFO - Preenchendo Chave PIX: 4437d697-f765-45f8-89be-213dda9862c5
2025-07-11 21:57:06,462 - __main__ - INFO - === ABA PAGAMENTO PROCESSADA ===
2025-07-11 21:57:06,462 - __main__ - INFO - === PREENCHENDO ABA SUPORTE ===
2025-07-11 21:57:06,524 - __main__ - INFO - Preenchendo WhatsApp Group: https://chat.whatsapp.com/FQkOgQZxlv96jNT6MD4uUt
2025-07-11 21:57:06,830 - __main__ - INFO - === ABA SUPORTE PREENCHIDA COM SUCESSO ===
2025-07-11 21:57:07,402 - __main__ - INFO - MODO PRODUÇÃO - Criando sorteio...
2025-07-11 21:57:08,216 - __main__ - INFO - Sorteio 6306 (CORUJINHA) cadastrado com sucesso!
2025-07-11 21:57:08,287 - __main__ - INFO - Status de cadastro atualizado para 'cadastrado' na edição 6306
2025-07-11 21:57:08,287 - __main__ - INFO - 
Processando edição 6305 para 'FEDERAL'...
2025-07-11 21:57:08,287 - __main__ - INFO - Tentativa 1 de 3 para edição 6305
2025-07-11 21:57:08,288 - __main__ - INFO - Iniciando cadastro do sorteio 6305 para sigla 'FEDERAL' (extracao: 'FEDERAL')
2025-07-11 21:57:13,706 - __main__ - INFO - Imagem carregada: D:\Documentos\Workspace\Gerenciamento\uploads\FEDERAL.jpg
2025-07-11 21:57:14,779 - __main__ - INFO - === PREENCHENDO ABA PAGAMENTO ===
2025-07-11 21:57:14,831 - __main__ - INFO - Selecionando Info Pago...
2025-07-11 21:57:14,886 - __main__ - INFO - Dados de pagamento carregados:
2025-07-11 21:57:14,886 - __main__ - INFO -   Client ID: DEFINIDO (20 chars)
2025-07-11 21:57:14,886 - __main__ - INFO -   Client Secret: DEFINIDO (32 chars)
2025-07-11 21:57:14,886 - __main__ - INFO -   Chave PIX: DEFINIDO (36 chars)
2025-07-11 21:57:14,886 - __main__ - INFO - Preenchendo Client ID: 11151160128039923883
2025-07-11 21:57:15,024 - __main__ - INFO - Preenchendo Client Secret: jZlYzM0NDMtMGMzZC00NzkyLWI1N2ItN
2025-07-11 21:57:15,218 - __main__ - INFO - Preenchendo Chave PIX: 4437d697-f765-45f8-89be-213dda9862c5
2025-07-11 21:57:15,421 - __main__ - INFO - === ABA PAGAMENTO PROCESSADA ===
2025-07-11 21:57:15,421 - __main__ - INFO - === PREENCHENDO ABA SUPORTE ===
2025-07-11 21:57:15,474 - __main__ - INFO - Preenchendo WhatsApp Group: https://chat.whatsapp.com/FQkOgQZxlv96jNT6MD4uUt
2025-07-11 21:57:15,778 - __main__ - INFO - === ABA SUPORTE PREENCHIDA COM SUCESSO ===
2025-07-11 21:57:16,779 - __main__ - INFO - MODO PRODUÇÃO - Criando sorteio...
2025-07-11 21:57:17,583 - __main__ - INFO - Sorteio 6305 (FEDERAL) cadastrado com sucesso!
2025-07-11 21:57:17,663 - __main__ - INFO - Status de cadastro atualizado para 'cadastrado' na edição 6305
2025-07-11 21:57:17,663 - __main__ - INFO - 
Processando edição 6304 para 'PT'...
2025-07-11 21:57:17,663 - __main__ - INFO - Tentativa 1 de 3 para edição 6304
2025-07-11 21:57:17,664 - __main__ - INFO - Iniciando cadastro do sorteio 6304 para sigla 'PT' (extracao: 'PT_40')
2025-07-11 21:57:22,986 - __main__ - INFO - Imagem carregada: D:\Documentos\Workspace\Gerenciamento\uploads\PT_40.jpg
2025-07-11 21:57:25,127 - __main__ - INFO - === PREENCHENDO ABA PAGAMENTO ===
2025-07-11 21:57:25,180 - __main__ - INFO - Selecionando Info Pago...
2025-07-11 21:57:25,232 - __main__ - INFO - Dados de pagamento carregados:
2025-07-11 21:57:25,232 - __main__ - INFO -   Client ID: DEFINIDO (20 chars)
2025-07-11 21:57:25,232 - __main__ - INFO -   Client Secret: DEFINIDO (32 chars)
2025-07-11 21:57:25,232 - __main__ - INFO -   Chave PIX: DEFINIDO (36 chars)
2025-07-11 21:57:25,233 - __main__ - INFO - Preenchendo Client ID: 11151160128039923883
2025-07-11 21:57:25,370 - __main__ - INFO - Preenchendo Client Secret: jZlYzM0NDMtMGMzZC00NzkyLWI1N2ItN
2025-07-11 21:57:25,563 - __main__ - INFO - Preenchendo Chave PIX: 4437d697-f765-45f8-89be-213dda9862c5
2025-07-11 21:57:25,767 - __main__ - INFO - === ABA PAGAMENTO PROCESSADA ===
2025-07-11 21:57:25,767 - __main__ - INFO - === PREENCHENDO ABA SUPORTE ===
2025-07-11 21:57:25,819 - __main__ - INFO - Preenchendo WhatsApp Group: https://chat.whatsapp.com/FQkOgQZxlv96jNT6MD4uUt
2025-07-11 21:57:26,131 - __main__ - INFO - === ABA SUPORTE PREENCHIDA COM SUCESSO ===
2025-07-11 21:57:26,656 - __main__ - INFO - MODO PRODUÇÃO - Criando sorteio...
2025-07-11 21:57:27,444 - __main__ - INFO - Sorteio 6304 (PT) cadastrado com sucesso!
2025-07-11 21:57:27,544 - __main__ - INFO - Status de cadastro atualizado para 'cadastrado' na edição 6304
2025-07-11 21:57:27,544 - __main__ - INFO - 
Processando edição 6303 para 'PTM'...
2025-07-11 21:57:27,545 - __main__ - INFO - Tentativa 1 de 3 para edição 6303
2025-07-11 21:57:27,545 - __main__ - INFO - Iniciando cadastro do sorteio 6303 para sigla 'PTM' (extracao: 'PTM_22')
2025-07-11 21:57:32,876 - __main__ - INFO - Imagem carregada: D:\Documentos\Workspace\Gerenciamento\uploads\PTM_22.jpg
2025-07-11 21:57:35,350 - __main__ - INFO - === PREENCHENDO ABA PAGAMENTO ===
2025-07-11 21:57:35,401 - __main__ - INFO - Selecionando Info Pago...
2025-07-11 21:57:35,455 - __main__ - INFO - Dados de pagamento carregados:
2025-07-11 21:57:35,455 - __main__ - INFO -   Client ID: DEFINIDO (20 chars)
2025-07-11 21:57:35,455 - __main__ - INFO -   Client Secret: DEFINIDO (32 chars)
2025-07-11 21:57:35,455 - __main__ - INFO -   Chave PIX: DEFINIDO (36 chars)
2025-07-11 21:57:35,455 - __main__ - INFO - Preenchendo Client ID: 11151160128039923883
2025-07-11 21:57:35,586 - __main__ - INFO - Preenchendo Client Secret: jZlYzM0NDMtMGMzZC00NzkyLWI1N2ItN
2025-07-11 21:57:35,772 - __main__ - INFO - Preenchendo Chave PIX: 4437d697-f765-45f8-89be-213dda9862c5
2025-07-11 21:57:35,974 - __main__ - INFO - === ABA PAGAMENTO PROCESSADA ===
2025-07-11 21:57:35,974 - __main__ - INFO - === PREENCHENDO ABA SUPORTE ===
2025-07-11 21:57:36,026 - __main__ - INFO - Preenchendo WhatsApp Group: https://chat.whatsapp.com/FQkOgQZxlv96jNT6MD4uUt
2025-07-11 21:57:36,327 - __main__ - INFO - === ABA SUPORTE PREENCHIDA COM SUCESSO ===
2025-07-11 21:57:36,836 - __main__ - INFO - MODO PRODUÇÃO - Criando sorteio...
2025-07-11 21:57:37,630 - __main__ - INFO - Sorteio 6303 (PTM) cadastrado com sucesso!
2025-07-11 21:57:37,716 - __main__ - INFO - Status de cadastro atualizado para 'cadastrado' na edição 6303
2025-07-11 21:57:37,716 - __main__ - INFO - 
Processando edição 6302 para 'PPT'...
2025-07-11 21:57:37,716 - __main__ - INFO - Tentativa 1 de 3 para edição 6302
2025-07-11 21:57:37,716 - __main__ - INFO - Iniciando cadastro do sorteio 6302 para sigla 'PPT' (extracao: 'PPT_20')
2025-07-11 21:57:43,065 - __main__ - INFO - Imagem carregada: D:\Documentos\Workspace\Gerenciamento\uploads\PPT_20.jpg
2025-07-11 21:57:44,826 - __main__ - INFO - === PREENCHENDO ABA PAGAMENTO ===
2025-07-11 21:57:44,878 - __main__ - INFO - Selecionando Info Pago...
2025-07-11 21:57:44,932 - __main__ - INFO - Dados de pagamento carregados:
2025-07-11 21:57:44,933 - __main__ - INFO -   Client ID: DEFINIDO (20 chars)
2025-07-11 21:57:44,933 - __main__ - INFO -   Client Secret: DEFINIDO (32 chars)
2025-07-11 21:57:44,933 - __main__ - INFO -   Chave PIX: DEFINIDO (36 chars)
2025-07-11 21:57:44,933 - __main__ - INFO - Preenchendo Client ID: 11151160128039923883
2025-07-11 21:57:45,069 - __main__ - INFO - Preenchendo Client Secret: jZlYzM0NDMtMGMzZC00NzkyLWI1N2ItN
2025-07-11 21:57:45,256 - __main__ - INFO - Preenchendo Chave PIX: 4437d697-f765-45f8-89be-213dda9862c5
2025-07-11 21:57:45,456 - __main__ - INFO - === ABA PAGAMENTO PROCESSADA ===
2025-07-11 21:57:45,456 - __main__ - INFO - === PREENCHENDO ABA SUPORTE ===
2025-07-11 21:57:45,509 - __main__ - INFO - Preenchendo WhatsApp Group: https://chat.whatsapp.com/FQkOgQZxlv96jNT6MD4uUt
2025-07-11 21:57:45,809 - __main__ - INFO - === ABA SUPORTE PREENCHIDA COM SUCESSO ===
2025-07-11 21:57:46,333 - __main__ - INFO - MODO PRODUÇÃO - Criando sorteio...
2025-07-11 21:57:47,125 - __main__ - INFO - Sorteio 6302 (PPT) cadastrado com sucesso!
2025-07-11 21:57:47,209 - __main__ - INFO - Status de cadastro atualizado para 'cadastrado' na edição 6302
2025-07-11 21:57:51,297 - __main__ - INFO - Processamento concluído das edições pendentes.
2025-07-11 21:57:51,297 - __main__ - INFO - === SCRIPT CONCLUÍDO COM SUCESSO (MODO PRODUÇÃO) ===
