2025-07-11 09:13:26,502 - INFO - === Iniciando Envio Automático de PDFs para WhatsApp ===
2025-07-11 09:13:26,659 - INFO - Nenhuma rifa com PDF pendente para envio
2025-07-11 11:13:50,087 - INFO - === Iniciando Envio Automático de PDFs para WhatsApp ===
2025-07-11 11:13:50,335 - INFO - Encontradas 1 rifas com PDF para enviar
2025-07-11 11:13:50,335 - INFO - 
Processando edição 6296 - PPT
2025-07-11 11:13:50,419 - INFO - Status PDF WhatsApp atualizado para 'enviando' na edição 6296
2025-07-11 11:13:50,419 - INFO - Iniciando envio do PDF para edição 6296 - PPT
2025-07-11 11:13:50,443 - ERROR - Erro ao enviar texto para edição 6296: HTTPSConnectionPool(host='evolution-evolution.aras94.easypanel.host', port=443): Max retries exceeded with url: /message/sendText/bancada (Caused by SSLError(SSLCertVerificationError(1, '[SSL: CERTIFICATE_VERIFY_FAILED] certificate verify failed: self-signed certificate (_ssl.c:1000)')))
2025-07-11 11:13:50,443 - ERROR - Falha ao enviar texto informativo para edição 6296
2025-07-11 11:13:50,534 - INFO - Status PDF WhatsApp atualizado para 'erro' na edição 6296
2025-07-11 11:13:50,534 - ERROR - ❌ Falha ao enviar PDF da edição 6296
2025-07-11 11:13:50,536 - INFO - 
=== RESUMO FINAL ===
2025-07-11 11:13:50,537 - INFO - Total de PDFs processados: 1
2025-07-11 11:13:50,537 - INFO - PDFs enviados com sucesso: 0
2025-07-11 11:13:50,537 - INFO - Falhas: 1
2025-07-11 14:05:24,056 - INFO - === Iniciando Envio Automático de PDFs para WhatsApp ===
2025-07-11 14:05:24,269 - INFO - Encontradas 1 rifas com PDF para enviar
2025-07-11 14:05:24,269 - INFO - 
Processando edição 6297 - PTM
2025-07-11 14:05:24,347 - INFO - Status PDF WhatsApp atualizado para 'enviando' na edição 6297
2025-07-11 14:05:24,347 - INFO - Iniciando envio do PDF para edição 6297 - PTM
2025-07-11 14:05:24,371 - ERROR - Erro ao enviar texto para edição 6297: HTTPSConnectionPool(host='evolution-evolution.aras94.easypanel.host', port=443): Max retries exceeded with url: /message/sendText/bancada (Caused by SSLError(SSLCertVerificationError(1, '[SSL: CERTIFICATE_VERIFY_FAILED] certificate verify failed: self-signed certificate (_ssl.c:1000)')))
2025-07-11 14:05:24,371 - ERROR - Falha ao enviar texto informativo para edição 6297
2025-07-11 14:05:24,455 - INFO - Status PDF WhatsApp atualizado para 'erro' na edição 6297
2025-07-11 14:05:24,455 - ERROR - ❌ Falha ao enviar PDF da edição 6297
2025-07-11 14:05:24,456 - INFO - 
=== RESUMO FINAL ===
2025-07-11 14:05:24,456 - INFO - Total de PDFs processados: 1
2025-07-11 14:05:24,456 - INFO - PDFs enviados com sucesso: 0
2025-07-11 14:05:24,456 - INFO - Falhas: 1
2025-07-11 16:03:57,551 - INFO - === Iniciando Envio Automático de PDFs para WhatsApp ===
2025-07-11 16:03:57,793 - INFO - Encontradas 1 rifas com PDF para enviar
2025-07-11 16:03:57,793 - INFO - 
Processando edição 6298 - PT
2025-07-11 16:03:57,883 - INFO - Status PDF WhatsApp atualizado para 'enviando' na edição 6298
2025-07-11 16:03:57,883 - INFO - Iniciando envio do PDF para edição 6298 - PT
2025-07-11 16:03:57,903 - ERROR - Erro ao enviar texto para edição 6298: HTTPSConnectionPool(host='evolution-evolution.aras94.easypanel.host', port=443): Max retries exceeded with url: /message/sendText/bancada (Caused by SSLError(SSLCertVerificationError(1, '[SSL: CERTIFICATE_VERIFY_FAILED] certificate verify failed: self-signed certificate (_ssl.c:1000)')))
2025-07-11 16:03:57,904 - ERROR - Falha ao enviar texto informativo para edição 6298
2025-07-11 16:03:57,988 - INFO - Status PDF WhatsApp atualizado para 'erro' na edição 6298
2025-07-11 16:03:57,988 - ERROR - ❌ Falha ao enviar PDF da edição 6298
2025-07-11 16:03:57,989 - INFO - 
=== RESUMO FINAL ===
2025-07-11 16:03:57,989 - INFO - Total de PDFs processados: 1
2025-07-11 16:03:57,989 - INFO - PDFs enviados com sucesso: 0
2025-07-11 16:03:57,989 - INFO - Falhas: 1
2025-07-11 18:16:03,796 - INFO - === Iniciando Envio Automático de PDFs para WhatsApp ===
2025-07-11 18:16:04,010 - INFO - Nenhuma rifa com PDF pendente para envio
2025-07-11 21:50:26,428 - INFO - === Iniciando Envio Automático de PDFs para WhatsApp ===
2025-07-11 21:50:26,637 - INFO - Encontradas 2 rifas com PDF para enviar
2025-07-11 21:50:26,637 - INFO - 
Processando edição 6301 - CORUJINHA
2025-07-11 21:50:26,725 - INFO - Status PDF WhatsApp atualizado para 'enviando' na edição 6301
2025-07-11 21:50:26,725 - INFO - Iniciando envio do PDF para edição 6301 - CORUJINHA
2025-07-11 21:50:26,990 - ERROR - Erro ao enviar texto para edição 6301: HTTPSConnectionPool(host='evolution-evolution.aras94.easypanel.host', port=443): Max retries exceeded with url: /message/sendText/bancada (Caused by SSLError(SSLCertVerificationError(1, '[SSL: CERTIFICATE_VERIFY_FAILED] certificate verify failed: self-signed certificate (_ssl.c:1000)')))
2025-07-11 21:50:26,990 - ERROR - Falha ao enviar texto informativo para edição 6301
2025-07-11 21:50:27,060 - INFO - Status PDF WhatsApp atualizado para 'erro' na edição 6301
2025-07-11 21:50:27,061 - ERROR - ❌ Falha ao enviar PDF da edição 6301
2025-07-11 21:50:32,065 - INFO - 
Processando edição 6300 - PTN
2025-07-11 21:50:32,139 - INFO - Status PDF WhatsApp atualizado para 'enviando' na edição 6300
2025-07-11 21:50:32,139 - INFO - Iniciando envio do PDF para edição 6300 - PTN
2025-07-11 21:50:32,159 - ERROR - Erro ao enviar texto para edição 6300: HTTPSConnectionPool(host='evolution-evolution.aras94.easypanel.host', port=443): Max retries exceeded with url: /message/sendText/bancada (Caused by SSLError(SSLCertVerificationError(1, '[SSL: CERTIFICATE_VERIFY_FAILED] certificate verify failed: self-signed certificate (_ssl.c:1000)')))
2025-07-11 21:50:32,159 - ERROR - Falha ao enviar texto informativo para edição 6300
2025-07-11 21:50:32,229 - INFO - Status PDF WhatsApp atualizado para 'erro' na edição 6300
2025-07-11 21:50:32,229 - ERROR - ❌ Falha ao enviar PDF da edição 6300
2025-07-11 21:50:37,230 - INFO - 
=== RESUMO FINAL ===
2025-07-11 21:50:37,230 - INFO - Total de PDFs processados: 2
2025-07-11 21:50:37,230 - INFO - PDFs enviados com sucesso: 0
2025-07-11 21:50:37,230 - INFO - Falhas: 2
