2025-06-22 21:57:19,953 - INFO - ============================================================
2025-06-22 21:57:19,953 - INFO - 🚀 INICIANDO RECUPERAÇÃO DE RIFAS COM ERRO
2025-06-22 21:57:19,953 - INFO - ============================================================
2025-06-22 21:57:20,020 - INFO - 📊 Encontradas 1 rifas com erro
2025-06-22 21:57:21,123 - INFO - 🌐 Driver do Chrome criado com sucesso
2025-06-22 21:57:21,123 - INFO - 
========================================
2025-06-22 21:57:21,123 - INFO - 📍 Verificando: CORUJINHA (Edição 6204)
2025-06-22 21:57:21,123 - INFO -    ID: 809
2025-06-22 21:57:21,123 - INFO -    Andamento atual: 0%
2025-06-22 21:57:21,123 - INFO - 🔗 Verificando link: https://litoraldasorte.com/campanha/corujinha-rj-edicao-6204
2025-06-22 21:57:24,785 - INFO - ✅ Elemento encontrado com texto: '0%'
2025-06-22 21:57:24,785 - INFO - ✅ Link funcionando! Percentual: 0%
2025-06-22 21:57:24,859 - INFO - ✅ Rifa ID 809 RECUPERADA! Status: error → ativo, Andamento: 0%
2025-06-22 21:57:24,859 - INFO - 🎉 SUCESSO: CORUJINHA foi recuperada!
2025-06-22 21:57:26,860 - INFO - 
============================================================
2025-06-22 21:57:26,860 - INFO - 📊 RESUMO FINAL:
2025-06-22 21:57:26,860 - INFO -    Total verificadas: 1
2025-06-22 21:57:26,860 - INFO -    ✅ Recuperadas: 1
2025-06-22 21:57:26,860 - INFO -    ❌ Ainda com erro: 0
2025-06-22 21:57:26,860 - INFO - ============================================================
2025-06-22 21:57:28,961 - INFO - 🔒 Driver encerrado
2025-06-22 21:59:24,625 - INFO - ============================================================
2025-06-22 21:59:24,626 - INFO - 🚀 INICIANDO RECUPERAÇÃO DE RIFAS COM ERRO
2025-06-22 21:59:24,626 - INFO - ============================================================
2025-06-22 21:59:24,702 - INFO - 📊 Encontradas 1 rifas com erro
2025-06-22 21:59:25,784 - INFO - 🌐 Driver do Chrome criado com sucesso
2025-06-22 21:59:25,784 - INFO - 
========================================
2025-06-22 21:59:25,785 - INFO - 📍 Verificando: PT (Edição 6201)
2025-06-22 21:59:25,785 - INFO -    ID: 806
2025-06-22 21:59:25,785 - INFO -    Andamento atual: 0%
2025-06-22 21:59:25,785 - INFO - 🔗 Verificando link: https://litoraldasorte.com/campanha/pt-rj-edicao-6201
2025-06-22 21:59:29,565 - INFO - ✅ Elemento encontrado com texto: '0%'
2025-06-22 21:59:29,566 - INFO - ✅ Link funcionando! Percentual: 0%
2025-06-22 21:59:29,626 - INFO - ✅ Rifa ID 806 RECUPERADA! Status: error → ativo, Andamento: 0%
2025-06-22 21:59:29,626 - INFO - 🎉 SUCESSO: PT foi recuperada!
2025-06-22 21:59:31,627 - INFO - 
============================================================
2025-06-22 21:59:31,627 - INFO - 📊 RESUMO FINAL:
2025-06-22 21:59:31,627 - INFO -    Total verificadas: 1
2025-06-22 21:59:31,627 - INFO -    ✅ Recuperadas: 1
2025-06-22 21:59:31,627 - INFO -    ❌ Ainda com erro: 0
2025-06-22 21:59:31,628 - INFO - ============================================================
2025-06-22 21:59:33,694 - INFO - 🔒 Driver encerrado
